0
1
0
Assembly-1
1
PART-1-1
PART-1
1
PART-1-1
154
1
2
3
4
5
6
7
8
9
10
11
12
13
14
15
16
17
18
19
20
21
22
23
24
25
26
27
28
29
30
31
32
33
34
35
36
37
38
39
40
41
42
43
44
45
46
47
48
49
50
51
52
53
54
55
56
57
58
59
60
61
62
63
64
65
66
67
68
69
70
71
72
73
74
75
76
77
78
79
80
81
82
83
84
85
86
87
88
89
90
91
92
93
94
95
96
97
98
99
100
101
102
103
104
105
106
107
108
109
110
111
112
113
114
115
116
117
118
119
120
121
122
123
124
125
126
127
128
129
130
131
132
133
134
135
136
137
138
139
140
141
142
143
144
145
146
147
148
149
150
151
152
199
9999
0
1
PART-1-1
42
1
2
3
4
5
7
15
16
17
18
19
20
21
29
30
31
35
36
37
38
101
102
103
104
111
112
113
114
121
122
123
124
125
126
127
128
129
130
131
132
133
134
0
0
1
PART-1-1
9
BELT
0
1
4
35 36 37 38 
0
0
CARCASS
0
1
14
15 16 17 18 19 20 21 29 30 31 35 36 37 38 
0
0
FOOT
0
1
96
1001 1002 1003 1004 1005 1007 1501 1502 1503 1504 1505 1507 2001 2002 2003 2004 2005 2007 2501 2502 2503 2504 2505 2507 3001 3002 3003 3004 3005 3007 3501 3502 3503 3504 3505 3507 4001 4002 4003 4004 4005 4007 4501 4502 4503 4504 4505 4507 5001 5002 5003 5004 5005 5007 5501 5502 5503 5504 5505 5507 6001 6002 6003 6004 6005 6007 6501 6502 6503 6504 6505 6507 7001 7002 7003 7004 7005 7007 7501 7502 7503 7504 7505 7507 8001 8002 8003 8004 8005 8007 8501 8502 8503 8504 8505 8507 
0
0
MEM_BELT1
0
1
4
101 102 103 104 
0
0
MEM_BELT2
0
1
4
111 112 113 114 
0
0
MEM_CARCASS
0
1
14
121 122 123 124 125 126 127 128 129 130 131 132 133 134 
0
0
SIDE
0
1
10
15 16 17 18 19 20 21 29 30 31 
0
0
SOLID
0
1
20
1 2 3 4 5 7 15 16 17 18 19 20 21 29 30 31 35 36 37 38 
0
0
TREAD
0
1
6
1 2 3 4 5 7 
0
0
0
1
FOOT
0
1
0
0
0
1
PART-1-1
10
ASYMA
1
1
1
1
33
555 1055 1555 2055 2555 3055 3555 4055 4555 5055 5555 554 1054 1554 2054 2554 3054 3554 4054 4554 5054 5554 551 1051 1551 2051 2551 3051 3551 4051 4551 5051 5551 
ASYMB
1
1
1
1
33
11555 11055 10555 10055 9555 9055 8555 8055 7555 7055 6555 11554 11054 10554 10054 9554 9054 8554 8054 7554 7054 6554 11551 11051 10551 10051 9551 9051 8551 8051 7551 7051 6551 
ASYMC
1
1
1
1
26
555 1055 1555 2055 554 1054 1554 2054 2554 3054 3554 4054 4554 5054 5554 551 1051 1551 2051 2551 3051 3551 4051 4551 5051 5551 
ASYMD
1
1
1
1
26
11555 11055 10555 10055 11554 11054 10554 10054 9554 9054 8554 8054 7554 7054 6554 11551 11051 10551 10051 9551 9051 8551 8051 7551 7051 6551 
NTIRE
0
1
152
1 2 3 4 5 6 7 8 9 10 11 12 13 14 15 16 17 18 19 20 21 22 23 24 25 26 27 28 29 30 31 32 33 34 35 36 37 38 39 40 41 42 43 44 45 46 47 48 49 50 51 52 53 54 55 56 57 58 59 60 61 62 63 64 65 66 67 68 69 70 71 72 73 74 75 76 77 78 79 80 81 82 83 84 85 86 87 88 89 90 91 92 93 94 95 96 97 98 99 100 101 102 103 104 105 106 107 108 109 110 111 112 113 114 115 116 117 118 119 120 121 122 123 124 125 126 127 128 129 130 131 132 133 134 135 136 137 138 139 140 141 142 143 144 145 146 147 148 149 150 151 152 
0
0
RIM
0
1
1
199 
0
0
RIMNOD
0
1
3
1 3 6 
0
0
ROAD
0
1
1
9999 
0
0
SYM
0
1
3
51 54 55 
0
0
SYM1
0
1
6
51 54 55 6051 6054 6055 
0
0
0
1
PART-1-1
1
SROAD
2
0
2
INSIDE
0
0
0
1
PART-1-1
0
0
1
S3
14
15 16 17 18 19 20 21 29 30 31 35 36 37 38 
STREAD
0
0
0
0
